<?xml version="1.0" encoding="UTF-8"?>
<!-- Generated by org.testng.reporters.JUnitXMLReporter -->
<testsuite hostname="trangntt-w7" name="Test" tests="1" failures="1" timestamp="27 Apr 2016 08:17:36 GMT" time="0.029" errors="0">
  <testcase name="test01" time="0.006" classname="com.vsii.cstar.testcase.TestTeamCalendar">
    <failure type="java.lang.NullPointerException">
      <![CDATA[java.lang.NullPointerException
	at org.openqa.selenium.support.pagefactory.DefaultElementLocator.findElement(DefaultElementLocator.java:69)
	at org.openqa.selenium.support.pagefactory.internal.LocatingElementHandler.invoke(LocatingElementHandler.java:38)
	at com.sun.proxy.$Proxy6.sendKeys(Unknown Source)
	at com.vsii.cstar.pages.methods.LoginPageMethods.login(LoginPageMethods.java:18)
	at com.vsii.cstar.testcase.TestTeamCalendar.test01(TestTeamCalendar.java:19)
... Removed 24 stack frames]]>
    </failure>
  </testcase> <!-- test01 -->
</testsuite> <!-- Test -->
